wkrtc/build/intermediates/manifest_merge_blame_file/release/processReleaseManifest/manifest-merger-blame-release-report.txt
1<?xml version="1.0" encoding="utf-8"?>
2<manifest xmlns:android="http://schemas.android.com/apk/res/android"
3    package="com.chat.rtc" >
4
5    <uses-sdk android:minSdkVersion="21" />
6
7    <uses-feature android:name="android.hardware.camera" />
7-->src/main/AndroidManifest.xml:4:5-60
7-->src/main/AndroidManifest.xml:4:19-57
8    <uses-feature android:name="android.hardware.camera.autofocus" />
8-->src/main/AndroidManifest.xml:5:5-70
8-->src/main/AndroidManifest.xml:5:19-67
9    <uses-feature
9-->src/main/AndroidManifest.xml:6:5-8:35
10        android:glEsVersion="0x00020000"
10-->src/main/AndroidManifest.xml:7:9-41
11        android:required="true" />
11-->src/main/AndroidManifest.xml:8:9-32
12
13    <uses-permission android:name="android.permission.CAMERA" />
13-->src/main/AndroidManifest.xml:10:5-65
13-->src/main/AndroidManifest.xml:10:22-62
14    <uses-permission android:name="android.permission.MODIFY_AUDIO_SETTINGS" />
14-->src/main/AndroidManifest.xml:11:5-80
14-->src/main/AndroidManifest.xml:11:22-77
15    <uses-permission android:name="android.permission.RECORD_AUDIO" />
15-->src/main/AndroidManifest.xml:12:5-71
15-->src/main/AndroidManifest.xml:12:22-68
16    <uses-permission android:name="android.permission.INTERNET" />
16-->src/main/AndroidManifest.xml:13:5-67
16-->src/main/AndroidManifest.xml:13:22-64
17    <uses-permission android:name="android.permission.VIBRATE" />
17-->src/main/AndroidManifest.xml:14:5-66
17-->src/main/AndroidManifest.xml:14:22-63
18    <uses-permission android:name="android.permission.WAKE_LOCK" />
18-->src/main/AndroidManifest.xml:15:5-68
18-->src/main/AndroidManifest.xml:15:22-65
19    <uses-permission android:name="android.permission.WRITE_EXTERNAL_STORAGE" />
19-->src/main/AndroidManifest.xml:16:5-81
19-->src/main/AndroidManifest.xml:16:22-78
20    <uses-permission android:name="android.permission.ACCESS_NETWORK_STATE" />
20-->src/main/AndroidManifest.xml:17:5-79
20-->src/main/AndroidManifest.xml:17:22-76
21    <uses-permission android:name="android.permission.CHANGE_NETWORK_STATE" />
21-->src/main/AndroidManifest.xml:18:5-79
21-->src/main/AndroidManifest.xml:18:22-76
22    <!-- 悬浮 -->
23    <uses-permission android:name="android.permission.SYSTEM_ALERT_WINDOW" />
23-->src/main/AndroidManifest.xml:20:5-78
23-->src/main/AndroidManifest.xml:20:22-75
24    <uses-permission android:name="android.permission.MODIFY_AUDIO_SETTINGS" />
24-->src/main/AndroidManifest.xml:11:5-80
24-->src/main/AndroidManifest.xml:11:22-77
25
26    <application
26-->src/main/AndroidManifest.xml:23:5-54:19
27        android:allowBackup="true"
27-->src/main/AndroidManifest.xml:24:9-35
28        android:supportsRtl="true" >
28-->src/main/AndroidManifest.xml:25:9-35
29        <activity android:name="com.chat.rtc.multi.ChooseRTCMemberActivity" />
29-->src/main/AndroidManifest.xml:26:9-79
29-->src/main/AndroidManifest.xml:26:19-76
30        <activity
30-->src/main/AndroidManifest.xml:27:9-32:66
31            android:name="rtc.conference.MultiCallActivity"
31-->src/main/AndroidManifest.xml:28:13-60
32            android:hardwareAccelerated="true"
32-->src/main/AndroidManifest.xml:29:13-47
33            android:launchMode="singleInstance"
33-->src/main/AndroidManifest.xml:30:13-48
34            android:screenOrientation="portrait"
34-->src/main/AndroidManifest.xml:31:13-49
35            android:theme="@style/Avchat_ActivitySlideRightIn" />
35-->src/main/AndroidManifest.xml:32:13-63
36        <activity
36-->src/main/AndroidManifest.xml:33:9-35:47
37            android:name="rtc.conference.MultiCallWaitingAnswerActivity"
37-->src/main/AndroidManifest.xml:34:13-73
38            android:launchMode="singleTask" />
38-->src/main/AndroidManifest.xml:35:13-44
39        <activity
39-->src/main/AndroidManifest.xml:37:9-40:52
40            android:name="rtc.p2p.P2PVideoCallWaitingAnswerActivity"
40-->src/main/AndroidManifest.xml:38:13-69
41            android:launchMode="singleTask"
41-->src/main/AndroidManifest.xml:39:13-44
42            android:screenOrientation="portrait" />
42-->src/main/AndroidManifest.xml:40:13-49
43        <activity
43-->src/main/AndroidManifest.xml:41:9-46:66
44            android:name="rtc.p2p.CallActivity"
44-->src/main/AndroidManifest.xml:42:13-48
45            android:hardwareAccelerated="true"
45-->src/main/AndroidManifest.xml:43:13-47
46            android:launchMode="singleTask"
46-->src/main/AndroidManifest.xml:44:13-44
47            android:screenOrientation="portrait"
47-->src/main/AndroidManifest.xml:45:13-49
48            android:theme="@style/Avchat_ActivitySlideRightIn" />
48-->src/main/AndroidManifest.xml:46:13-63
49        <activity
49-->src/main/AndroidManifest.xml:47:9-53:58
50            android:name="rtc.conference.MeetingActivity"
50-->src/main/AndroidManifest.xml:48:13-58
51            android:hardwareAccelerated="true"
51-->src/main/AndroidManifest.xml:49:13-47
52            android:launchMode="singleTask"
52-->src/main/AndroidManifest.xml:50:13-44
53            android:screenOrientation="portrait"
53-->src/main/AndroidManifest.xml:51:13-49
54            android:theme="@style/Avchat_ActivitySlideRightIn"
54-->src/main/AndroidManifest.xml:52:13-63
55            android:windowSoftInputMode="adjustResize" />
55-->src/main/AndroidManifest.xml:53:13-55
56    </application>
57
58</manifest>